92 error Error: Command failed with exit code 128: git commit -F /private/var/folders/20/jr8g51qn3z93t4m8102gf63h0000gn/T/a69b7f1d-4d73-4f26-8784-a168b07ac5ff/lerna-commit.txt
92 error [STARTED] Preparing lint-staged...
92 error [COMPLETED] Preparing lint-staged...
92 error [STARTED] Running tasks for staged files...
92 error [STARTED] package.json — 10 files
92 error [STARTED] *.{md,json} — 9 files
92 error [STARTED] *.{css,less} — 0 files
92 error [STARTED] *.{js,jsx} — 0 files
92 error [STARTED] *.{ts,tsx} — 0 files
92 error [SKIPPED] *.{css,less} — no files
92 error [SKIPPED] *.{js,jsx} — no files
92 error [SKIPPED] *.{ts,tsx} — no files
92 error [STARTED] prettier --write --no-error-on-unmatched-pattern
92 error [COMPLETED] prettier --write --no-error-on-unmatched-pattern
92 error [COMPLETED] *.{md,json} — 9 files
92 error [COMPLETED] package.json — 10 files
92 error [COMPLETED] Running tasks for staged files...
92 error [STARTED] Applying modifications from tasks...
92 error [COMPLETED] Applying modifications from tasks...
92 error [STARTED] Cleaning up temporary files...
92 error [COMPLETED] Cleaning up temporary files...
92 error 错误：权限不足，无法在仓库对象库 .git/objects 中添加对象
92 error 致命错误：无法写提交对象
92 error     at makeError (/Users/zhangwc/Documents/Work/Wizard/kno/node_modules/.pnpm/execa@5.0.0/node_modules/execa/lib/error.js:59:11)
92 error     at handlePromise (/Users/zhangwc/Documents/Work/Wizard/kno/node_modules/.pnpm/execa@5.0.0/node_modules/execa/index.js:114:26)
92 error     at process.processTicksAndRejections (node:internal/process/task_queues:95:5)
92 error     at async VersionCommand.gitCommitAndTagVersionForUpdates (/Users/zhangwc/Documents/Work/Wizard/kno/node_modules/.pnpm/lerna@8.1.5/node_modules/lerna/dist/index.js:9922:11)
92 error     at async VersionCommand.commitAndTagUpdates (/Users/zhangwc/Documents/Work/Wizard/kno/node_modules/.pnpm/lerna@8.1.5/node_modules/lerna/dist/index.js:9903:18)
92 error     at async Promise.all (index 0)
